2026-01-30 22:33:31,816 - config.config_manager - INFO - ConfigManager initialized - Config dir: config
2026-01-30 22:33:31,817 - config.config_manager - ERROR - Failed to load machines config: Expecting value: line 1 column 1 (char 0)
2026-01-30 22:33:31,817 - config.config_manager - INFO - Machines config saved
2026-01-30 22:33:32,535 - __main__ - INFO - UI initialized
2026-01-30 22:33:32,535 - __main__ - INFO - ============================================================
2026-01-30 22:33:32,536 - __main__ - INFO - INITIALIZING MULTI-MACHINE VISION SYSTEM
2026-01-30 22:33:32,536 - __main__ - INFO - ============================================================
2026-01-30 22:33:32,536 - config.config_manager - INFO - Config validation passed
2026-01-30 22:33:32,537 - core.relay_manager - INFO - RelayManager initialized
2026-01-30 22:33:32,537 - core.relay_manager - INFO - Initializing USB relay board...
2026-01-30 22:33:32,806 - core.relay_manager - ERROR - Relay initialization failed: 
2026-01-30 22:33:39,562 - core.inference_engine - INFO - InferenceEngine initialized with model: best.pt
2026-01-30 22:33:39,563 - __main__ - INFO - M1: Initializing Machine 1...
2026-01-30 22:33:39,563 - core.machine_controller - INFO - M1: MachineController initialized (Machine 1)
2026-01-30 22:33:39,564 - config.config_manager - ERROR - M1: Failed to load boundaries: Expecting value: line 1 column 1 (char 0)
2026-01-30 22:33:39,564 - core.machine_controller - INFO - M1: Boundaries updated
2026-01-30 22:33:39,564 - core.relay_manager - INFO - M1: Relays configured: [6, 7, 8] (Pair1=6, Pair2=7, Pair3=8)
2026-01-30 22:33:39,564 - core.relay_manager - INFO - Initializing USB relay board...
2026-01-30 22:33:39,566 - core.relay_manager - ERROR - Relay initialization failed: 
2026-01-30 22:33:39,566 - core.relay_manager - ERROR - M1: Failed to set Pair1 relay 6
2026-01-30 22:33:39,566 - core.relay_manager - INFO - Initializing USB relay board...
2026-01-30 22:33:39,567 - core.relay_manager - ERROR - Relay initialization failed: 
2026-01-30 22:33:39,567 - core.relay_manager - ERROR - M1: Failed to set Pair2 relay 7
2026-01-30 22:33:39,567 - core.relay_manager - INFO - Initializing USB relay board...
2026-01-30 22:33:39,568 - core.relay_manager - ERROR - Relay initialization failed: 
2026-01-30 22:33:39,568 - core.relay_manager - ERROR - M1: Failed to set Pair3 relay 8
2026-01-30 22:33:39,569 - core.camera_thread - INFO - M1: CameraThread initialized - Source: rtsp://admin:admin123@192.168.1.64:554/Streaming/Channels/101
2026-01-30 22:33:39,569 - core.watchdog - INFO - M1: Watchdog started for Camera (timeout: 15s)
2026-01-30 22:33:39,570 - ui.home_page - INFO - Added machine card: Machine 1 (M1)
2026-01-30 22:33:39,570 - __main__ - INFO - M1: ✓ Initialized
2026-01-30 22:33:39,570 - __main__ - INFO - M2: Initializing Machine 2...
2026-01-30 22:33:39,570 - core.machine_controller - INFO - M2: MachineController initialized (Machine 2)
2026-01-30 22:33:39,571 - config.config_manager - ERROR - M2: Failed to load boundaries: Expecting value: line 1 column 1 (char 0)
2026-01-30 22:33:39,571 - core.machine_controller - INFO - M2: Boundaries updated
2026-01-30 22:33:39,571 - core.relay_manager - INFO - M2: Relays configured: [9, 10, 11] (Pair1=9, Pair2=10, Pair3=11)
2026-01-30 22:33:39,571 - core.relay_manager - INFO - Initializing USB relay board...
2026-01-30 22:33:39,573 - core.relay_manager - ERROR - Relay initialization failed: 
2026-01-30 22:33:39,574 - core.relay_manager - ERROR - M2: Failed to set Pair1 relay 9
2026-01-30 22:33:39,574 - core.relay_manager - INFO - Initializing USB relay board...
2026-01-30 22:33:39,574 - core.relay_manager - ERROR - Relay initialization failed: 
2026-01-30 22:33:39,575 - core.relay_manager - ERROR - M2: Failed to set Pair2 relay 10
2026-01-30 22:33:39,575 - core.relay_manager - INFO - Initializing USB relay board...
2026-01-30 22:33:39,576 - core.relay_manager - ERROR - Relay initialization failed: 
2026-01-30 22:33:39,576 - core.relay_manager - ERROR - M2: Failed to set Pair3 relay 11
2026-01-30 22:33:39,576 - core.camera_thread - INFO - M2: CameraThread initialized - Source: rtsp://admin:admin123@192.168.1.65:554/Streaming/Channels/101
2026-01-30 22:33:39,576 - core.watchdog - INFO - M2: Watchdog started for Camera (timeout: 15s)
2026-01-30 22:33:39,578 - ui.home_page - INFO - Added machine card: Machine 2 (M2)
2026-01-30 22:33:39,578 - __main__ - INFO - M2: ✓ Initialized
2026-01-30 22:33:39,578 - __main__ - INFO - M3: Initializing Machine 3...
2026-01-30 22:33:39,579 - core.machine_controller - INFO - M3: MachineController initialized (Machine 3)
2026-01-30 22:33:39,579 - config.config_manager - ERROR - M3: Failed to load boundaries: Expecting value: line 1 column 1 (char 0)
2026-01-30 22:33:39,579 - core.machine_controller - INFO - M3: Boundaries updated
2026-01-30 22:33:39,579 - core.relay_manager - INFO - M3: Relays configured: [12, 13, 14] (Pair1=12, Pair2=13, Pair3=14)
2026-01-30 22:33:39,579 - core.relay_manager - INFO - Initializing USB relay board...
2026-01-30 22:33:39,580 - core.relay_manager - ERROR - Relay initialization failed: 
2026-01-30 22:33:39,580 - core.relay_manager - ERROR - M3: Failed to set Pair1 relay 12
2026-01-30 22:33:39,580 - core.relay_manager - INFO - Initializing USB relay board...
2026-01-30 22:33:39,581 - core.relay_manager - ERROR - Relay initialization failed: 
2026-01-30 22:33:39,582 - core.relay_manager - ERROR - M3: Failed to set Pair2 relay 13
2026-01-30 22:33:39,582 - core.relay_manager - INFO - Initializing USB relay board...
2026-01-30 22:33:39,583 - core.relay_manager - ERROR - Relay initialization failed: 
2026-01-30 22:33:39,583 - core.relay_manager - ERROR - M3: Failed to set Pair3 relay 14
2026-01-30 22:33:39,583 - core.camera_thread - INFO - M3: CameraThread initialized - Source: rtsp://admin:admin123@192.168.1.66:554/Streaming/Channels/101
2026-01-30 22:33:39,583 - core.watchdog - INFO - M3: Watchdog started for Camera (timeout: 15s)
2026-01-30 22:33:39,584 - ui.home_page - INFO - Added machine card: Machine 3 (M3)
2026-01-30 22:33:39,584 - __main__ - INFO - M3: ✓ Initialized
2026-01-30 22:33:39,585 - __main__ - INFO - ✓ System initialization complete
2026-01-30 22:33:39,604 - __main__ - INFO - ============================================================
2026-01-30 22:33:39,604 - __main__ - INFO - MULTI-MACHINE VISION SYSTEM STARTED
2026-01-30 22:33:39,604 - __main__ - INFO - ============================================================
2026-01-30 22:33:46,552 - ui.detection_page - INFO - Detection page set to M1: Machine 1
2026-01-30 22:33:46,553 - __main__ - INFO - Switched to detection monitor for M1
2026-01-30 22:34:14,591 - __main__ - INFO - ============================================================
2026-01-30 22:34:14,591 - __main__ - INFO - STARTING ALL MACHINES
2026-01-30 22:34:14,593 - __main__ - INFO - ============================================================
2026-01-30 22:34:14,594 - __main__ - INFO - M1: Camera thread started
2026-01-30 22:34:14,595 - __main__ - INFO - M2: Camera thread started
2026-01-30 22:34:14,595 - core.inference_engine - INFO - Loading YOLO model from best.pt...
2026-01-30 22:34:14,595 - core.camera_thread - INFO - M1: Camera thread started (RTSP)
2026-01-30 22:34:14,595 - core.camera_thread - INFO - M2: Camera thread started (RTSP)
2026-01-30 22:34:14,595 - __main__ - INFO - M3: Camera thread started
2026-01-30 22:34:14,597 - core.camera_thread - INFO - M3: Camera thread started (RTSP)
2026-01-30 22:34:14,598 - core.camera_thread - INFO - M1: Connecting to RTSP, attempt 1
2026-01-30 22:34:14,598 - core.camera_thread - INFO - M2: Connecting to RTSP, attempt 1
2026-01-30 22:34:14,599 - __main__ - INFO - M1: Watchdog started
2026-01-30 22:34:14,599 - core.camera_thread - INFO - M3: Connecting to RTSP, attempt 1
2026-01-30 22:34:14,600 - __main__ - INFO - M2: Watchdog started
2026-01-30 22:34:14,600 - __main__ - INFO - M3: Watchdog started
2026-01-30 22:34:14,601 - __main__ - INFO - ✓ All machines started successfully
2026-01-30 22:34:15,166 - core.inference_engine - ERROR - Failed to load YOLO model: [Errno 2] No such file or directory: 'best.pt'
2026-01-30 22:34:15,167 - core.inference_engine - ERROR - Traceback (most recent call last):
  File "d:\New folder\pc 2\core\inference_engine.py", line 47, in load_model
    self.model = YOLO(self.model_path)
  File "D:\New folder\pc 2\env_py310\lib\site-packages\ultralytics\models\yolo\model.py", line 76, in __init__
    super().__init__(model=model, task=task, verbose=verbose)
  File "D:\New folder\pc 2\env_py310\lib\site-packages\ultralytics\engine\model.py", line 144, in __init__
    self._load(model, task=task)
  File "D:\New folder\pc 2\env_py310\lib\site-packages\ultralytics\engine\model.py", line 283, in _load
    self.model, self.ckpt = load_checkpoint(weights)
  File "D:\New folder\pc 2\env_py310\lib\site-packages\ultralytics\nn\tasks.py", line 1507, in load_checkpoint
    ckpt, weight = torch_safe_load(weight)  # load ckpt
  File "D:\New folder\pc 2\env_py310\lib\site-packages\ultralytics\nn\tasks.py", line 1455, in torch_safe_load
    ckpt = torch_load(file, map_location="cpu")
  File "D:\New folder\pc 2\env_py310\lib\site-packages\ultralytics\utils\patches.py", line 158, in torch_load
    return torch.load(*args, **kwargs)
  File "D:\New folder\pc 2\env_py310\lib\site-packages\torch\serialization.py", line 791, in load
    with _open_file_like(f, 'rb') as opened_file:
  File "D:\New folder\pc 2\env_py310\lib\site-packages\torch\serialization.py", line 271, in _open_file_like
    return _open_file(name_or_buffer, mode)
  File "D:\New folder\pc 2\env_py310\lib\site-packages\torch\serialization.py", line 252, in __init__
    super().__init__(open(name, mode))
FileNotFoundError: [Errno 2] No such file or directory: 'best.pt'

2026-01-30 22:34:15,171 - core.inference_engine - CRITICAL - Cannot start inference engine - model load failed
2026-01-30 22:34:15,612 - core.watchdog - ERROR - M1: Watchdog timeout for Camera: 36.0s
2026-01-30 22:34:15,612 - __main__ - ERROR - M1: Watchdog timeout - Camera
2026-01-30 22:34:15,671 - core.watchdog - ERROR - M3: Watchdog timeout for Camera: 36.1s
2026-01-30 22:34:15,671 - core.watchdog - ERROR - M2: Watchdog timeout for Camera: 36.1s
2026-01-30 22:34:15,672 - __main__ - ERROR - M3: Watchdog timeout - Camera
2026-01-30 22:34:15,679 - __main__ - ERROR - M2: Watchdog timeout - Camera
2026-01-30 22:34:24,081 - ui.training_page - INFO - Training page set to M1: Machine 1
2026-01-30 22:34:24,082 - __main__ - INFO - Switched to training page for M1
2026-01-30 22:34:30,728 - core.watchdog - ERROR - M1: Watchdog timeout for Camera: 15.1s
2026-01-30 22:34:30,728 - __main__ - ERROR - M1: Watchdog timeout - Camera
2026-01-30 22:34:30,774 - core.watchdog - ERROR - M2: Watchdog timeout for Camera: 15.1s
2026-01-30 22:34:30,774 - core.watchdog - ERROR - M3: Watchdog timeout for Camera: 15.1s
2026-01-30 22:34:30,774 - __main__ - ERROR - M2: Watchdog timeout - Camera
2026-01-30 22:34:30,779 - __main__ - ERROR - M3: Watchdog timeout - Camera
2026-01-30 22:34:44,682 - core.camera_thread - WARNING - M1: Camera failed to open
2026-01-30 22:34:45,805 - core.watchdog - ERROR - M1: Watchdog timeout for Camera: 15.1s
2026-01-30 22:34:45,806 - __main__ - ERROR - M1: Watchdog timeout - Camera
2026-01-30 22:34:45,852 - core.watchdog - ERROR - M2: Watchdog timeout for Camera: 15.1s
2026-01-30 22:34:45,852 - core.watchdog - ERROR - M3: Watchdog timeout for Camera: 15.1s
2026-01-30 22:34:45,852 - __main__ - ERROR - M2: Watchdog timeout - Camera
2026-01-30 22:34:45,858 - __main__ - ERROR - M3: Watchdog timeout - Camera
2026-01-30 22:34:46,687 - core.camera_thread - INFO - M1: Connecting to RTSP, attempt 2
2026-01-30 22:34:53,430 - __main__ - INFO - ============================================================
2026-01-30 22:34:53,431 - __main__ - INFO - STOPPING ALL MACHINES
2026-01-30 22:34:53,432 - __main__ - INFO - ============================================================
2026-01-30 22:34:53,433 - core.watchdog - INFO - M1: Watchdog stopped for Camera
2026-01-30 22:34:53,844 - __main__ - INFO - M1: Watchdog stopped
2026-01-30 22:34:53,845 - core.watchdog - INFO - M2: Watchdog stopped for Camera
2026-01-30 22:34:53,891 - __main__ - INFO - M2: Watchdog stopped
2026-01-30 22:34:53,891 - core.watchdog - INFO - M3: Watchdog stopped for Camera
2026-01-30 22:34:54,893 - __main__ - INFO - M3: Watchdog stopped
2026-01-30 22:34:54,894 - core.camera_thread - INFO - M1: Camera stop requested
2026-01-30 22:34:56,903 - __main__ - INFO - M1: Camera thread stopped
2026-01-30 22:34:56,903 - core.camera_thread - INFO - M2: Camera stop requested
2026-01-30 22:34:58,905 - __main__ - INFO - M2: Camera thread stopped
2026-01-30 22:34:58,905 - core.camera_thread - INFO - M3: Camera stop requested
2026-01-30 22:35:00,906 - __main__ - INFO - M3: Camera thread stopped
2026-01-30 22:35:00,906 - core.inference_engine - INFO - InferenceEngine stop requested
2026-01-30 22:35:00,906 - __main__ - INFO - Inference engine stopped
2026-01-30 22:35:00,906 - core.relay_manager - INFO - Resetting all relays to OFF (no faults)
2026-01-30 22:35:00,907 - __main__ - INFO - ✓ All machines stopped
2026-01-30 22:35:14,767 - core.camera_thread - WARNING - M2: Camera failed to open
2026-01-30 22:35:16,783 - core.camera_thread - INFO - M2: Connecting to RTSP, attempt 2
2026-01-30 22:35:34,682 - ui.detection_page - INFO - Detection page set to M1: Machine 1
2026-01-30 22:35:34,684 - __main__ - INFO - Switched to detection monitor for M1
2026-01-30 22:35:38,148 - ui.training_page - INFO - Training page set to M1: Machine 1
2026-01-30 22:35:38,149 - __main__ - INFO - Switched to training page for M1
2026-01-30 22:35:43,212 - __main__ - INFO - Application close requested
2026-01-30 22:35:43,213 - __main__ - INFO - ============================================================
2026-01-30 22:35:43,213 - __main__ - INFO - APPLICATION SHUTDOWN
2026-01-30 22:35:43,213 - __main__ - INFO - ============================================================
2026-01-30 22:35:43,218 - __main__ - INFO - Application exited with code 0
2026-01-30 22:42:48,321 - config.config_manager - INFO - ConfigManager initialized - Config dir: config
2026-01-30 22:42:48,331 - config.config_manager - INFO - Loaded machines config: 3 machines
2026-01-30 22:42:48,519 - __main__ - INFO - UI initialized
2026-01-30 22:42:48,519 - __main__ - INFO - ============================================================
2026-01-30 22:42:48,519 - __main__ - INFO - INITIALIZING MULTI-MACHINE VISION SYSTEM
2026-01-30 22:42:48,520 - __main__ - INFO - ============================================================
2026-01-30 22:42:48,520 - config.config_manager - INFO - Config validation passed
2026-01-30 22:42:48,520 - core.relay_manager - INFO - RelayManager initialized
2026-01-30 22:42:48,520 - core.relay_manager - INFO - Initializing USB relay board...
2026-01-30 22:42:48,723 - core.relay_manager - ERROR - Relay initialization failed: 
2026-01-30 22:42:52,824 - core.inference_engine - INFO - InferenceEngine initialized with model: best.pt
2026-01-30 22:42:52,824 - __main__ - INFO - M1: Initializing Machine 1...
2026-01-30 22:42:52,824 - core.machine_controller - INFO - M1: MachineController initialized (Machine 1)
2026-01-30 22:42:52,824 - config.config_manager - ERROR - M1: Failed to load boundaries: Expecting value: line 1 column 1 (char 0)
2026-01-30 22:42:52,825 - core.machine_controller - INFO - M1: Boundaries updated
2026-01-30 22:42:52,825 - core.relay_manager - INFO - M1: Relays configured: [6, 7, 8] (Pair1=6, Pair2=7, Pair3=8)
2026-01-30 22:42:52,825 - core.relay_manager - INFO - Initializing USB relay board...
2026-01-30 22:42:52,826 - core.relay_manager - ERROR - Relay initialization failed: 
2026-01-30 22:42:52,826 - core.relay_manager - ERROR - M1: Failed to set Pair1 relay 6
2026-01-30 22:42:52,827 - core.relay_manager - INFO - Initializing USB relay board...
2026-01-30 22:42:52,828 - core.relay_manager - ERROR - Relay initialization failed: 
2026-01-30 22:42:52,828 - core.relay_manager - ERROR - M1: Failed to set Pair2 relay 7
2026-01-30 22:42:52,828 - core.relay_manager - INFO - Initializing USB relay board...
2026-01-30 22:42:52,829 - core.relay_manager - ERROR - Relay initialization failed: 
2026-01-30 22:42:52,830 - core.relay_manager - ERROR - M1: Failed to set Pair3 relay 8
2026-01-30 22:42:52,830 - core.camera_thread - INFO - M1: CameraThread initialized - Source: rtsp://admin:admin123@192.168.1.64:554/Streaming/Channels/101
2026-01-30 22:42:52,830 - core.watchdog - INFO - M1: Watchdog started for Camera (timeout: 15s)
2026-01-30 22:42:52,831 - ui.home_page - INFO - Added machine card: Machine 1 (M1)
2026-01-30 22:42:52,831 - __main__ - INFO - M1: ✓ Initialized
2026-01-30 22:42:52,831 - __main__ - INFO - M2: Initializing Machine 2...
2026-01-30 22:42:52,831 - core.machine_controller - INFO - M2: MachineController initialized (Machine 2)
2026-01-30 22:42:52,832 - config.config_manager - ERROR - M2: Failed to load boundaries: Expecting value: line 1 column 1 (char 0)
2026-01-30 22:42:52,832 - core.machine_controller - INFO - M2: Boundaries updated
2026-01-30 22:42:52,832 - core.relay_manager - INFO - M2: Relays configured: [9, 10, 11] (Pair1=9, Pair2=10, Pair3=11)
2026-01-30 22:42:52,832 - core.relay_manager - INFO - Initializing USB relay board...
2026-01-30 22:42:52,833 - core.relay_manager - ERROR - Relay initialization failed: 
2026-01-30 22:42:52,833 - core.relay_manager - ERROR - M2: Failed to set Pair1 relay 9
2026-01-30 22:42:52,833 - core.relay_manager - INFO - Initializing USB relay board...
2026-01-30 22:42:52,834 - core.relay_manager - ERROR - Relay initialization failed: 
2026-01-30 22:42:52,834 - core.relay_manager - ERROR - M2: Failed to set Pair2 relay 10
2026-01-30 22:42:52,834 - core.relay_manager - INFO - Initializing USB relay board...
2026-01-30 22:42:52,836 - core.relay_manager - ERROR - Relay initialization failed: 
2026-01-30 22:42:52,836 - core.relay_manager - ERROR - M2: Failed to set Pair3 relay 11
2026-01-30 22:42:52,836 - core.camera_thread - INFO - M2: CameraThread initialized - Source: rtsp://admin:admin123@192.168.1.65:554/Streaming/Channels/101
2026-01-30 22:42:52,836 - core.watchdog - INFO - M2: Watchdog started for Camera (timeout: 15s)
2026-01-30 22:42:52,837 - ui.home_page - INFO - Added machine card: Machine 2 (M2)
2026-01-30 22:42:52,837 - __main__ - INFO - M2: ✓ Initialized
2026-01-30 22:42:52,837 - __main__ - INFO - M3: Initializing Machine 3...
2026-01-30 22:42:52,837 - core.machine_controller - INFO - M3: MachineController initialized (Machine 3)
2026-01-30 22:42:52,838 - config.config_manager - ERROR - M3: Failed to load boundaries: Expecting value: line 1 column 1 (char 0)
2026-01-30 22:42:52,838 - core.machine_controller - INFO - M3: Boundaries updated
2026-01-30 22:42:52,838 - core.relay_manager - INFO - M3: Relays configured: [12, 13, 14] (Pair1=12, Pair2=13, Pair3=14)
2026-01-30 22:42:52,838 - core.relay_manager - INFO - Initializing USB relay board...
2026-01-30 22:42:52,839 - core.relay_manager - ERROR - Relay initialization failed: 
2026-01-30 22:42:52,839 - core.relay_manager - ERROR - M3: Failed to set Pair1 relay 12
2026-01-30 22:42:52,839 - core.relay_manager - INFO - Initializing USB relay board...
2026-01-30 22:42:52,840 - core.relay_manager - ERROR - Relay initialization failed: 
2026-01-30 22:42:52,840 - core.relay_manager - ERROR - M3: Failed to set Pair2 relay 13
2026-01-30 22:42:52,840 - core.relay_manager - INFO - Initializing USB relay board...
2026-01-30 22:42:52,841 - core.relay_manager - ERROR - Relay initialization failed: 
2026-01-30 22:42:52,841 - core.relay_manager - ERROR - M3: Failed to set Pair3 relay 14
2026-01-30 22:42:52,841 - core.camera_thread - INFO - M3: CameraThread initialized - Source: rtsp://admin:admin123@192.168.1.66:554/Streaming/Channels/101
2026-01-30 22:42:52,842 - core.watchdog - INFO - M3: Watchdog started for Camera (timeout: 15s)
2026-01-30 22:42:52,842 - ui.home_page - INFO - Added machine card: Machine 3 (M3)
2026-01-30 22:42:52,842 - __main__ - INFO - M3: ✓ Initialized
2026-01-30 22:42:52,843 - __main__ - INFO - ✓ System initialization complete
2026-01-30 22:42:52,859 - __main__ - INFO - ============================================================
2026-01-30 22:42:52,860 - __main__ - INFO - MULTI-MACHINE VISION SYSTEM STARTED
2026-01-30 22:42:52,860 - __main__ - INFO - ============================================================
2026-01-30 22:43:16,215 - __main__ - INFO - Application close requested
2026-01-30 22:43:16,216 - __main__ - INFO - ============================================================
2026-01-30 22:43:16,217 - __main__ - INFO - APPLICATION SHUTDOWN
2026-01-30 22:43:16,217 - __main__ - INFO - ============================================================
2026-01-30 22:43:16,230 - __main__ - INFO - Application exited with code 0
2026-01-30 22:57:13,710 - config.config_manager - INFO - ConfigManager initialized - Config dir: config
2026-01-30 22:57:13,710 - config.config_manager - INFO - Loaded machines config: 3 machines
2026-01-30 22:57:13,896 - __main__ - INFO - UI initialized
2026-01-30 22:57:13,896 - __main__ - INFO - ============================================================
2026-01-30 22:57:13,896 - __main__ - INFO - INITIALIZING MULTI-MACHINE VISION SYSTEM
2026-01-30 22:57:13,896 - __main__ - INFO - ============================================================
2026-01-30 22:57:13,896 - config.config_manager - INFO - Config validation passed
2026-01-30 22:57:13,896 - core.relay_manager - INFO - RelayManager initialized
2026-01-30 22:57:13,896 - core.relay_manager - INFO - Initializing USB relay board...
2026-01-30 22:57:14,089 - core.relay_manager - ERROR - Relay initialization failed: 
2026-01-30 22:57:17,589 - core.inference_engine - INFO - InferenceEngine initialized with model: best.pt
2026-01-30 22:57:17,590 - __main__ - INFO - M1: Initializing Machine 1...
2026-01-30 22:57:17,591 - core.machine_controller - INFO - M1: MachineController initialized (Machine 1)
2026-01-30 22:57:17,591 - config.config_manager - ERROR - M1: Failed to load boundaries: Expecting value: line 1 column 1 (char 0)
2026-01-30 22:57:17,591 - core.machine_controller - INFO - M1: Boundaries updated
2026-01-30 22:57:17,591 - core.relay_manager - INFO - M1: Relays configured: [6, 7, 8] (Pair1=6, Pair2=7, Pair3=8)
2026-01-30 22:57:17,591 - core.relay_manager - INFO - Initializing USB relay board...
2026-01-30 22:57:17,593 - core.relay_manager - ERROR - Relay initialization failed: 
2026-01-30 22:57:17,593 - core.relay_manager - ERROR - M1: Failed to set Pair1 relay 6
2026-01-30 22:57:17,593 - core.relay_manager - INFO - Initializing USB relay board...
2026-01-30 22:57:17,594 - core.relay_manager - ERROR - Relay initialization failed: 
2026-01-30 22:57:17,594 - core.relay_manager - ERROR - M1: Failed to set Pair2 relay 7
2026-01-30 22:57:17,594 - core.relay_manager - INFO - Initializing USB relay board...
2026-01-30 22:57:17,595 - core.relay_manager - ERROR - Relay initialization failed: 
2026-01-30 22:57:17,596 - core.relay_manager - ERROR - M1: Failed to set Pair3 relay 8
2026-01-30 22:57:17,596 - core.camera_thread - INFO - M1: CameraThread initialized - Source: rtsp://admin:admin123@192.168.1.64:554/Streaming/Channels/101
2026-01-30 22:57:17,596 - core.watchdog - INFO - M1: Watchdog started for Camera (timeout: 15s)
2026-01-30 22:57:17,597 - ui.home_page - INFO - Added machine card: Machine 1 (M1)
2026-01-30 22:57:17,597 - __main__ - INFO - M1: ✓ Initialized
2026-01-30 22:57:17,598 - __main__ - INFO - M2: Initializing Machine 2...
2026-01-30 22:57:17,598 - core.machine_controller - INFO - M2: MachineController initialized (Machine 2)
2026-01-30 22:57:17,598 - config.config_manager - ERROR - M2: Failed to load boundaries: Expecting value: line 1 column 1 (char 0)
2026-01-30 22:57:17,598 - core.machine_controller - INFO - M2: Boundaries updated
2026-01-30 22:57:17,598 - core.relay_manager - INFO - M2: Relays configured: [9, 10, 11] (Pair1=9, Pair2=10, Pair3=11)
2026-01-30 22:57:17,598 - core.relay_manager - INFO - Initializing USB relay board...
2026-01-30 22:57:17,600 - core.relay_manager - ERROR - Relay initialization failed: 
2026-01-30 22:57:17,600 - core.relay_manager - ERROR - M2: Failed to set Pair1 relay 9
2026-01-30 22:57:17,600 - core.relay_manager - INFO - Initializing USB relay board...
2026-01-30 22:57:17,601 - core.relay_manager - ERROR - Relay initialization failed: 
2026-01-30 22:57:17,601 - core.relay_manager - ERROR - M2: Failed to set Pair2 relay 10
2026-01-30 22:57:17,601 - core.relay_manager - INFO - Initializing USB relay board...
2026-01-30 22:57:17,603 - core.relay_manager - ERROR - Relay initialization failed: 
2026-01-30 22:57:17,603 - core.relay_manager - ERROR - M2: Failed to set Pair3 relay 11
2026-01-30 22:57:17,603 - core.camera_thread - INFO - M2: CameraThread initialized - Source: rtsp://admin:admin123@192.168.1.65:554/Streaming/Channels/101
2026-01-30 22:57:17,603 - core.watchdog - INFO - M2: Watchdog started for Camera (timeout: 15s)
2026-01-30 22:57:17,604 - ui.home_page - INFO - Added machine card: Machine 2 (M2)
2026-01-30 22:57:17,604 - __main__ - INFO - M2: ✓ Initialized
2026-01-30 22:57:17,604 - __main__ - INFO - M3: Initializing Machine 3...
2026-01-30 22:57:17,604 - core.machine_controller - INFO - M3: MachineController initialized (Machine 3)
2026-01-30 22:57:17,605 - config.config_manager - ERROR - M3: Failed to load boundaries: Expecting value: line 1 column 1 (char 0)
2026-01-30 22:57:17,605 - core.machine_controller - INFO - M3: Boundaries updated
2026-01-30 22:57:17,605 - core.relay_manager - INFO - M3: Relays configured: [12, 13, 14] (Pair1=12, Pair2=13, Pair3=14)
2026-01-30 22:57:17,605 - core.relay_manager - INFO - Initializing USB relay board...
2026-01-30 22:57:17,606 - core.relay_manager - ERROR - Relay initialization failed: 
2026-01-30 22:57:17,606 - core.relay_manager - ERROR - M3: Failed to set Pair1 relay 12
2026-01-30 22:57:17,606 - core.relay_manager - INFO - Initializing USB relay board...
2026-01-30 22:57:17,607 - core.relay_manager - ERROR - Relay initialization failed: 
2026-01-30 22:57:17,607 - core.relay_manager - ERROR - M3: Failed to set Pair2 relay 13
2026-01-30 22:57:17,607 - core.relay_manager - INFO - Initializing USB relay board...
2026-01-30 22:57:17,608 - core.relay_manager - ERROR - Relay initialization failed: 
2026-01-30 22:57:17,608 - core.relay_manager - ERROR - M3: Failed to set Pair3 relay 14
2026-01-30 22:57:17,608 - core.camera_thread - INFO - M3: CameraThread initialized - Source: rtsp://admin:admin123@192.168.1.66:554/Streaming/Channels/101
2026-01-30 22:57:17,608 - core.watchdog - INFO - M3: Watchdog started for Camera (timeout: 15s)
2026-01-30 22:57:17,609 - ui.home_page - INFO - Added machine card: Machine 3 (M3)
2026-01-30 22:57:17,609 - __main__ - INFO - M3: ✓ Initialized
2026-01-30 22:57:17,609 - __main__ - INFO - ✓ System initialization complete
2026-01-30 22:57:17,626 - __main__ - INFO - ============================================================
2026-01-30 22:57:17,626 - __main__ - INFO - MULTI-MACHINE VISION SYSTEM STARTED
2026-01-30 22:57:17,626 - __main__ - INFO - ============================================================
2026-01-30 22:57:24,958 - core.relay_manager - INFO - M1: Testing relays [6, 7, 8]...
2026-01-30 22:57:24,959 - core.relay_manager - INFO - M1: Testing Pair1 relay 6
2026-01-30 22:57:24,959 - core.relay_manager - INFO - Testing relay 6...
2026-01-30 22:57:24,959 - core.relay_manager - INFO - Initializing USB relay board...
2026-01-30 22:57:24,960 - core.relay_manager - ERROR - Relay initialization failed: 
2026-01-30 22:57:25,966 - core.relay_manager - INFO - Initializing USB relay board...
2026-01-30 22:57:25,970 - core.relay_manager - ERROR - Relay initialization failed: 
2026-01-30 22:57:25,971 - core.relay_manager - INFO - Relay 6 test complete
2026-01-30 22:57:26,477 - core.relay_manager - INFO - M1: Testing Pair2 relay 7
2026-01-30 22:57:26,478 - core.relay_manager - INFO - Testing relay 7...
2026-01-30 22:57:26,478 - core.relay_manager - INFO - Initializing USB relay board...
2026-01-30 22:57:26,481 - core.relay_manager - ERROR - Relay initialization failed: 
2026-01-30 22:57:27,494 - core.relay_manager - INFO - Initializing USB relay board...
2026-01-30 22:57:27,498 - core.relay_manager - ERROR - Relay initialization failed: 
2026-01-30 22:57:27,500 - core.relay_manager - INFO - Relay 7 test complete
2026-01-30 22:57:28,007 - core.relay_manager - INFO - M1: Testing Pair3 relay 8
2026-01-30 22:57:28,007 - core.relay_manager - INFO - Testing relay 8...
2026-01-30 22:57:28,008 - core.relay_manager - INFO - Initializing USB relay board...
2026-01-30 22:57:28,012 - core.relay_manager - ERROR - Relay initialization failed: 
2026-01-30 22:57:29,023 - core.relay_manager - INFO - Initializing USB relay board...
2026-01-30 22:57:29,026 - core.relay_manager - ERROR - Relay initialization failed: 
2026-01-30 22:57:29,026 - core.relay_manager - INFO - Relay 8 test complete
2026-01-30 22:57:29,538 - core.relay_manager - INFO - M1: All relays tested successfully
2026-01-30 22:57:29,538 - core.relay_manager - INFO - M2: Testing relays [9, 10, 11]...
2026-01-30 22:57:29,539 - core.relay_manager - INFO - M2: Testing Pair1 relay 9
2026-01-30 22:57:29,540 - core.relay_manager - INFO - Testing relay 9...
2026-01-30 22:57:29,540 - core.relay_manager - INFO - Initializing USB relay board...
2026-01-30 22:57:29,543 - core.relay_manager - ERROR - Relay initialization failed: 
2026-01-30 22:57:30,558 - core.relay_manager - INFO - Initializing USB relay board...
2026-01-30 22:57:30,561 - core.relay_manager - ERROR - Relay initialization failed: 
2026-01-30 22:57:30,561 - core.relay_manager - INFO - Relay 9 test complete
2026-01-30 22:57:31,070 - core.relay_manager - INFO - M2: Testing Pair2 relay 10
2026-01-30 22:57:31,070 - core.relay_manager - INFO - Testing relay 10...
2026-01-30 22:57:31,072 - core.relay_manager - INFO - Initializing USB relay board...
2026-01-30 22:57:31,075 - core.relay_manager - ERROR - Relay initialization failed: 
2026-01-30 22:57:32,086 - core.relay_manager - INFO - Initializing USB relay board...
2026-01-30 22:57:32,087 - core.relay_manager - ERROR - Relay initialization failed: 
2026-01-30 22:57:32,087 - core.relay_manager - INFO - Relay 10 test complete
2026-01-30 22:57:32,594 - core.relay_manager - INFO - M2: Testing Pair3 relay 11
2026-01-30 22:57:32,594 - core.relay_manager - INFO - Testing relay 11...
2026-01-30 22:57:32,594 - core.relay_manager - INFO - Initializing USB relay board...
2026-01-30 22:57:32,595 - core.relay_manager - ERROR - Relay initialization failed: 
2026-01-30 22:57:33,608 - core.relay_manager - INFO - Initializing USB relay board...
2026-01-30 22:57:33,612 - core.relay_manager - ERROR - Relay initialization failed: 
2026-01-30 22:57:33,612 - core.relay_manager - INFO - Relay 11 test complete
2026-01-30 22:57:34,118 - core.relay_manager - INFO - M2: All relays tested successfully
2026-01-30 22:57:34,118 - core.relay_manager - INFO - M3: Testing relays [12, 13, 14]...
2026-01-30 22:57:34,118 - core.relay_manager - INFO - M3: Testing Pair1 relay 12
2026-01-30 22:57:34,119 - core.relay_manager - INFO - Testing relay 12...
2026-01-30 22:57:34,119 - core.relay_manager - INFO - Initializing USB relay board...
2026-01-30 22:57:34,120 - core.relay_manager - ERROR - Relay initialization failed: 
2026-01-30 22:57:35,125 - core.relay_manager - INFO - Initializing USB relay board...
2026-01-30 22:57:35,126 - core.relay_manager - ERROR - Relay initialization failed: 
2026-01-30 22:57:35,126 - core.relay_manager - INFO - Relay 12 test complete
2026-01-30 22:57:35,634 - core.relay_manager - INFO - M3: Testing Pair2 relay 13
2026-01-30 22:57:35,634 - core.relay_manager - INFO - Testing relay 13...
2026-01-30 22:57:35,635 - core.relay_manager - INFO - Initializing USB relay board...
2026-01-30 22:57:35,638 - core.relay_manager - ERROR - Relay initialization failed: 
2026-01-30 22:57:36,651 - core.relay_manager - INFO - Initializing USB relay board...
2026-01-30 22:57:36,655 - core.relay_manager - ERROR - Relay initialization failed: 
2026-01-30 22:57:36,656 - core.relay_manager - INFO - Relay 13 test complete
2026-01-30 22:57:37,161 - core.relay_manager - INFO - M3: Testing Pair3 relay 14
2026-01-30 22:57:37,161 - core.relay_manager - INFO - Testing relay 14...
2026-01-30 22:57:37,161 - core.relay_manager - INFO - Initializing USB relay board...
2026-01-30 22:57:37,163 - core.relay_manager - ERROR - Relay initialization failed: 
2026-01-30 22:57:38,165 - core.relay_manager - INFO - Initializing USB relay board...
2026-01-30 22:57:38,168 - core.relay_manager - ERROR - Relay initialization failed: 
2026-01-30 22:57:38,169 - core.relay_manager - INFO - Relay 14 test complete
2026-01-30 22:57:38,677 - core.relay_manager - INFO - M3: All relays tested successfully
2026-01-30 23:03:41,377 - __main__ - INFO - Application close requested
2026-01-30 23:03:41,378 - __main__ - INFO - ============================================================
2026-01-30 23:03:41,379 - __main__ - INFO - APPLICATION SHUTDOWN
2026-01-30 23:03:41,379 - __main__ - INFO - ============================================================
2026-01-30 23:03:41,385 - __main__ - INFO - Application exited with code 0
